<?xml version="1.0" encoding="UTF-8"?>
<!-- Generated by org.testng.reporters.JUnitXMLReporter -->
<testsuite hostname="TECH-LP-746" ignored="0" name="Test" tests="4" failures="0" timestamp="10 May 2020 16:21:13 GMT" time="0.076" errors="0">
  <testcase name="iOSApp" time="0.022" classname="FrameWork.MavenProject.AppiumTest"/>
  <testcase name="nativeAppAndroid" time="0.0" classname="FrameWork.MavenProject.AppiumTest"/>
  <testcase name="browserAutomation" time="0.0" classname="FrameWork.MavenProject.SeleniumTest"/>
  <testcase name="elementsUI" time="0.0" classname="FrameWork.MavenProject.SeleniumTest"/>
</testsuite> <!-- Test -->
