<?xml version="1.0" encoding="UTF-8"?>
<testng-results skipped="0" failed="0" ignored="0" total="4" passed="4">
  <reporter-output>
  </reporter-output>
  <suite name="Suite" duration-ms="76" started-at="2020-05-10T16:21:12Z" finished-at="2020-05-10T16:21:13Z">
    <groups>
    </groups>
    <test name="Test" duration-ms="76" started-at="2020-05-10T16:21:12Z" finished-at="2020-05-10T16:21:13Z">
      <class name="FrameWork.MavenProject.AppiumTest">
        <test-method status="PASS" signature="iOSApp()[pri:0, instance:FrameWork.MavenProject.AppiumTest@7921b0a2]" name="iOSApp" duration-ms="22" started-at="2020-05-10T16:21:13Z" finished-at="2020-05-10T16:21:13Z">
          <reporter-output>
          </reporter-output>
        </test-method> <!-- iOSApp -->
        <test-method status="PASS" signature="nativeAppAndroid()[pri:0, instance:FrameWork.MavenProject.AppiumTest@7921b0a2]" name="nativeAppAndroid" duration-ms="0" started-at="2020-05-10T16:21:13Z" finished-at="2020-05-10T16:21:13Z">
          <reporter-output>
          </reporter-output>
        </test-method> <!-- nativeAppAndroid -->
      </class> <!-- FrameWork.MavenProject.AppiumTest -->
      <class name="FrameWork.MavenProject.SeleniumTest">
        <test-method status="PASS" signature="browserAutomation()[pri:0, instance:FrameWork.MavenProject.SeleniumTest@174d20a]" name="browserAutomation" duration-ms="0" started-at="2020-05-10T16:21:13Z" finished-at="2020-05-10T16:21:13Z">
          <reporter-output>
          </reporter-output>
        </test-method> <!-- browserAutomation -->
        <test-method status="PASS" signature="elementsUI()[pri:0, instance:FrameWork.MavenProject.SeleniumTest@174d20a]" name="elementsUI" duration-ms="0" started-at="2020-05-10T16:21:13Z" finished-at="2020-05-10T16:21:13Z">
          <reporter-output>
          </reporter-output>
        </test-method> <!-- elementsUI -->
      </class> <!-- FrameWork.MavenProject.SeleniumTest -->
    </test> <!-- Test -->
  </suite> <!-- Suite -->
</testng-results>
